<?xml version="1.0" encoding="UTF-8"?>
<!-- Generated by org.testng.reporters.JUnitXMLReporter -->
<testsuite hostname="LAPTOP-SBMFI0I6" name="Test" tests="7" failures="0" timestamp="11 May 2021 20:00:41 GMT" time="0.022" errors="0">
  <testcase name="deleteTwitter" time="0.006" classname="jenkinsMvn.RESTAPITest"/>
  <testcase name="deleteTwitter12" time="0.0" classname="jenkinsMvn.RESTAPITest"/>
  <testcase name="postJira" time="0.0" classname="jenkinsMvn.RESTAPITest"/>
  <testcase name="BrowserAUtomation" time="0.0" classname="jenkinsMvn.SeleniumTest"/>
  <testcase name="elementsU1i" time="0.0" classname="jenkinsMvn.SeleniumTest"/>
  <testcase name="elementsU1ssi" time="0.0" classname="jenkinsMvn.SeleniumTest"/>
  <testcase name="elementsUi" time="0.0" classname="jenkinsMvn.SeleniumTest"/>
</testsuite> <!-- Test -->
