<?xml version="1.0" encoding="UTF-8"?>
<testsuite xmlns:xsi="http://www.w3.org/2001/XMLSchema-instance" xsi:noNamespaceSchemaLocation="https://maven.apache.org/surefire/maven-surefire-plugin/xsd/surefire-test-report.xsd" name="TestSuite" time="1.322" tests="7" errors="0" skipped="0" failures="0">
  <properties>
[...]
</properties>
  <testcase name="deleteTwitter" classname="jenkinsMvn.RESTAPITest" time="0.006"/>
  <testcase name="deleteTwitter12" classname="jenkinsMvn.RESTAPITest" time="0"/>
  <testcase name="postJira" classname="jenkinsMvn.RESTAPITest" time="0"/>
  <testcase name="BrowserAUtomation" classname="jenkinsMvn.SeleniumTest" time="0"/>
  <testcase name="elementsU1i" classname="jenkinsMvn.SeleniumTest" time="0"/>
  <testcase name="elementsU1ssi" classname="jenkinsMvn.SeleniumTest" time="0.001"/>
  <testcase name="elementsUi" classname="jenkinsMvn.SeleniumTest" time="0"/>
</testsuite>